[INFO][request.go:10]2021/08/13 15:32:03 [CreatedBy.Required. CreatedBy Can not be empty]
[INFO][request.go:10]2021/08/13 15:33:45 [CreatedBy.Required. CreatedBy Can not be empty]
[INFO][request.go:10]2021/08/13 15:47:33 [ModifiedBy.Required. ModifiedBy Can not be empty]
[INFO][request.go:10]2021/08/13 15:52:02 [State.Range. State Range is 0 to 1]
[INFO][request.go:10]2021/08/13 15:52:46 [State.Range. State Range is 0 to 1]
[INFO][request.go:10]2021/08/13 15:58:27 [State.Required. State Can not be empty]
[INFO][request.go:10]2021/08/13 15:59:13 [State.Required. State Can not be empty]
[INFO][request.go:10]2021/08/13 15:59:40 [State.Required. State Can not be empty]
[INFO][request.go:10]2021/08/13 16:00:39 [State.Required. State Can not be empty]
[INFO][request.go:10]2021/08/13 17:35:46 [TagID.Required. TagID Can not be empty]
[INFO][request.go:10]2021/08/13 17:35:46 [TagID.Min. TagID Minimum is 1]
[INFO][request.go:10]2021/08/13 17:35:46 [Title.Required. Title Can not be empty]
[INFO][request.go:10]2021/08/13 17:35:46 [Desc.Required. Desc Can not be empty]
[INFO][request.go:10]2021/08/13 17:35:46 [Content.Required. Content Can not be empty]
[INFO][request.go:10]2021/08/13 17:35:46 [ModifyedBy.Required. ModifyedBy Can not be empty]
[INFO][request.go:10]2021/08/13 17:35:46 [CoverImageUrl.Required. CoverImageUrl Can not be empty]
[INFO][request.go:10]2021/08/13 17:35:46 [State.Required. State Can not be empty]
[INFO][request.go:10]2021/08/13 17:36:25 [CoverImageUrl.Required. CoverImageUrl Can not be empty]
[INFO][form.go:24]2021/08/13 17:44:54 [State.Range. State Range is 0 to 1]
[INFO][tag.go:75]2021/08/13 17:46:23 [State.Range. State Range is 0 to 1]
